<?xml version="1.0" encoding="UTF-8"?>
<!-- Generated by org.testng.reporters.JUnitReportReporter -->
<testsuite skipped="0" hostname="Hp" name="Qaclickacademy.AppiamTest" tests="2" failures="0" timestamp="06 Apr 2021 17:12:16 GMT" time="0.018" errors="0">
  <testcase name="IOSApps" time="0.017" classname="Qaclickacademy.AppiamTest"/>
  <testcase name="nativeappandroid" time="0.001" classname="Qaclickacademy.AppiamTest"/>
</testsuite> <!-- Qaclickacademy.AppiamTest -->
