<?xml version="1.0" encoding="UTF-8"?>
<!-- Generated by org.testng.reporters.JUnitReportReporter -->
<testsuite skipped="0" hostname="Hp" name="Qaclickacademy.JiraTest" tests="2" failures="0" timestamp="06 Apr 2021 17:12:16 GMT" time="0.000" errors="0">
  <testcase name="PostJiraDefectpost" time="0.000" classname="Qaclickacademy.JiraTest"/>
  <testcase name="deleteTwitterdelete" time="0.000" classname="Qaclickacademy.JiraTest"/>
</testsuite> <!-- Qaclickacademy.JiraTest -->
