<?xml version="1.0" encoding="UTF-8"?>
<!-- Generated by org.testng.reporters.JUnitReportReporter -->
<testsuite skipped="0" hostname="Hp" name="Qaclickacademy.SeleniumTest" tests="2" failures="0" timestamp="06 Apr 2021 17:12:16 GMT" time="0.002" errors="0">
  <testcase name="browserautomation" time="0.001" classname="Qaclickacademy.SeleniumTest"/>
  <testcase name="elementsUI" time="0.001" classname="Qaclickacademy.SeleniumTest"/>
</testsuite> <!-- Qaclickacademy.SeleniumTest -->
